booking_id,customer_name,destination,booking_date,price,rating,status
11412,Jason Smith,Pakistan,2024-08-04,-99.99,5,Cancelled
3703,Justin Malone,Azerbaijan,2025-11-13,,5,Cancelled
9265,William Herrera,Saint Pierre And Miquelon,,2505.85,2,Confirmed
1878,Chris Duke,Guadeloupe,2025-02-03,,4,Cancelled
1661,Dr. Jennifer Ramos,French Guiana,,1586.75,1,Pending
4740,Daniel Daniels,South Africa,2025-09-12,,5,Pending
8472,Paul Clay,Ukraine,,3779.22,4,Cancelled
6419,Rebecca Howard,Yemen,2025-05-13,-99.99,3,Pending
3379,Jamie Harris,Sudan,2024-06-20,,4,Confirmed
7505,Misty Jones,Honduras,,1330.61,4,Cancelled
1241,Karen Robbins,Hungary,2025-03-10,-99.99,4,Cancelled
6394,Wendy Marsh,Portugal,2025-06-28,,4,Cancelled
6275,Theresa Murphy,Costa Rica,2024-11-15,,4,Cancelled
11009,Stacey Ramirez,Tanzania,2025-12-01,,1,Confirmed
4108,Ana Hubbard,Costa Rica,2025-06-17,-99.99,2,Pending
1575,Kathleen Pena,British Indian Ocean Territory (Chagos Archipelago),,144.13,3,Cancelled
5541,April Ramirez,Saint Martin,,4400.84,1,Cancelled
11492,Sarah Porter,Albania,2025-04-16,,4,Confirmed
6196,Jacob Michael,Holy See (Vatican City State),2025-09-24,,2,Confirmed
10544,Joshua Walter,Spain,,344.99,5,Pending
2407,Michael Jordan,Argentina,2024-07-25,,1,Cancelled
10318,Christine Steele,Guatemala,2025-05-30,,1,Pending
2215,Jordan Thomas,Nigeria,,706.32,3,Confirmed
10632,Kimberly Anderson,Oman,,746.95,4,Cancelled
10735,Rachael Dixon,Niue,2025-10-29,,1,Cancelled
8616,Sherry Carter,Bosnia And Herzegovina,,4756.53,2,Cancelled
1769,Shannon Velasquez DDS,French Southern Territories,2025-11-04,,5,Cancelled
7573,Madison Martinez,Sao Tome And Principe,2024-03-24,,2,Cancelled
8745,Stacey Morrison,United States Minor Outlying Islands,2024-12-01,-99.99,4,Pending
10546,Randy Perry,Colombia,2024-06-27,-99.99,3,Confirmed
4134,Joseph Gardner,Denmark,,947.24,4,Cancelled
5119,Michelle Chavez,Macao,,1242.26,2,Cancelled
8666,Krystal Kemp,Peru,2025-05-01,,1,Pending
10980,Jason Chan,Malta,2024-06-22,,5,Pending
10776,Henry Kim,Burkina Faso,2025-03-08,,3,Pending
2292,Kimberly Contreras,Cape Verde,,260.51,3,Pending
7544,Bianca Alvarez,Afghanistan,2024-08-18,,5,Confirmed
1110,Shane Pratt,Croatia,,3928.83,4,Confirmed
10391,Paul Warner,Israel,,3779.52,2,Cancelled
6177,Jordan Gibson,China,2024-03-13,,5,Cancelled
7803,Gail Davis,Cote D'Ivoire,,3820.38,3,Cancelled
1010,Gregory Brewer MD,Western Sahara,,4928.53,5,Confirmed
1621,Melissa Gregory,Hong Kong,2025-09-21,-99.99,2,Pending
5980,Samantha Garcia,Brazil,2024-04-25,-99.99,5,Confirmed
2682,Lauren Murphy,Mayotte,2024-06-09,,4,Confirmed
8275,Hannah Smith,Korea,2024-06-28,,1,Cancelled
10049,Sheri Hoffman,Saint Helena,2025-02-23,-99.99,3,Confirmed
9045,Monica Sanders,Honduras,2024-11-17,-99.99,4,Pending
8787,Andrew Lara,Cote D'Ivoire,,569.38,3,Cancelled
4650,Corey Watkins,British Indian Ocean Territory (Chagos Archipelago),,1631.7,5,Cancelled
1860,Jack Colon,Timor-Leste,2025-10-14,-99.99,2,Pending
9192,Katie Rivera DVM,Greenland,2025-05-11,,2,Cancelled
9290,Cory Obrien,Cook Islands,2025-08-31,-99.99,3,Confirmed
6217,Briana Lester,India,2024-09-26,,3,Cancelled
8502,Holly Bauer,Guadeloupe,,4771.2,5,Confirmed
7672,Joel Morris,Suriname,,364.06,5,Cancelled
8305,Cindy Carey,Poland,2024-09-06,,3,Cancelled
9096,Eric Quinn,Lithuania,2024-09-23,-99.99,5,Pending
6040,Scott Smith,Samoa,2025-10-12,,5,Pending
5334,Tara Knight,Burundi,2025-08-28,,5,Pending
6265,Vicki Cooper,Turkey,,4799.44,5,Confirmed
8385,Dr. John Young,United States Minor Outlying Islands,,2945.76,3,Confirmed
8027,Adam Garcia,Venezuela,,4101.32,4,Pending
5367,Caitlin Wagner,Timor-Leste,,2862.06,1,Confirmed
3879,Susan Griffin,Romania,,2011.26,2,Confirmed
2597,Charles Ford,Morocco,2024-08-02,,2,Cancelled
6211,Katherine Hensley,Falkland Islands (Malvinas),2024-06-28,,5,Pending
5304,Michael Munoz,Kyrgyz Republic,,3912.33,4,Pending
8963,Joshua Alexander,Cuba,2025-12-04,,4,Confirmed
10253,Ivan Hernandez,Saint Lucia,2025-09-15,,4,Confirmed
5028,Nicholas Brown,Colombia,2024-05-25,-99.99,5,Pending
4286,Kristin Murphy,Zimbabwe,,3300.1,5,Confirmed
9790,Jessica Neal,Cuba,2025-09-19,,2,Cancelled
2384,Ann Hickman,Barbados,2025-08-27,,4,Cancelled
10048,Benjamin King,Gambia,,156.25,4,Pending
8789,William Thompson,Samoa,2025-09-12,-99.99,4,Cancelled
1521,Timothy Williams,Honduras,2024-06-22,,1,Pending
8114,Robert Spears,Cape Verde,2025-08-16,,5,Pending
7308,Elizabeth Carroll,Bulgaria,,2956.35,3,Pending
10365,Heather Mcdaniel,Faroe Islands,2024-03-04,,4,Cancelled
11474,Benjamin Reeves,Cyprus,2024-09-24,-99.99,1,Confirmed
5667,Angel Collins,Sri Lanka,2025-03-03,-99.99,2,Pending
10151,Jack Graham,Kiribati,2024-07-01,,5,Confirmed
1018,Dustin Jackson,French Polynesia,2024-03-29,,5,Cancelled
8646,Leslie Carroll,Morocco,,4183.05,4,Confirmed
9606,Andrea Lewis,Cook Islands,2024-06-14,,3,Cancelled
7371,Kevin Herrera,Guinea-Bissau,2025-04-02,,2,Confirmed
3687,Matthew Gonzalez,Tunisia,,2257.18,2,Pending
5803,Ronald Wagner,British Virgin Islands,2024-08-26,,1,Confirmed
2592,Elizabeth James,Turkey,,3312.35,4,Cancelled
10990,Stephanie Dean,Guatemala,,1115.75,1,Pending
7281,Harold Brown,Micronesia,,3088.9,5,Cancelled
8237,Stephanie Coleman,Tuvalu,,4447.94,4,Confirmed
5036,Jamie Manning,Namibia,2024-08-20,-99.99,1,Confirmed
2222,Justin Bryant,Slovakia (Slovak Republic),,3894.93,3,Cancelled
10927,Linda Zimmerman,Turks And Caicos Islands,2025-11-03,,5,Confirmed
10798,Kathy Alvarez,Bosnia And Herzegovina,2024-03-17,,5,Pending
8194,Brittney Wright,San Marino,2025-12-11,,5,Pending
2273,Heather Spencer,Algeria,2025-07-02,,5,Pending
3320,Tracie Moore,Saint Pierre And Miquelon,2024-12-27,-99.99,2,Cancelled
6813,Casey Lamb,Sao Tome And Principe,,4711.54,1,Pending
5627,Carl Long,Saint Vincent And The Grenadines,,3710.71,5,Pending
8575,Christian Jackson,Saint Helena,2025-04-20,,1,Pending
5723,Kendra Wells,India,2024-10-08,,1,Confirmed
3208,Christian Beck,Equatorial Guinea,2024-04-10,-99.99,3,Pending
5709,Jennifer Horne,Turkmenistan,2025-03-04,-99.99,3,Cancelled
6036,Kenneth Paul,North Macedonia,,2288.5,5,Pending
9575,Danielle Reyes,Guatemala,,2137.64,5,Confirmed
5424,Christopher Bishop,Grenada,,2603.97,5,Cancelled
9755,Zoe Marshall,Micronesia,2025-04-23,-99.99,3,Confirmed
7237,Amanda Clay,Jamaica,2024-05-19,-99.99,5,Confirmed
2815,Benjamin Larsen,Uzbekistan,2024-07-18,,4,Cancelled
4516,George Meyer,Mali,2025-02-11,-99.99,5,Cancelled
2675,Larry Soto,Hungary,,1088.35,4,Confirmed
6675,Jennifer Arellano,Spain,2025-08-08,,1,Confirmed
4778,Sheila House,Qatar,,4568.06,2,Pending
3175,Kenneth Villanueva,Brazil,2025-07-12,,2,Confirmed
5809,Heather Marshall,Slovakia (Slovak Republic),,4568.43,3,Pending
8081,Andrea Fernandez,Tokelau,2025-09-25,-99.99,5,Confirmed
3290,Tiffany Robles,Bolivia,2025-05-17,,3,Confirmed
9979,Judy Kelly,Denmark,,703.59,3,Pending
7624,Justin Brooks,Kazakhstan,,3352.91,3,Confirmed
5274,Audrey Zimmerman,Sao Tome And Principe,2024-04-17,-99.99,4,Cancelled
11470,Nathan Webb,British Virgin Islands,,940.47,3,Confirmed
5204,Kim Davenport,Guinea,2025-08-27,,2,Pending
10481,Kelli Day,Sierra Leone,,1156.29,4,Pending
5503,Ronnie Martinez,Pakistan,2024-07-29,-99.99,4,Pending
5271,Andrew Lambert,Vanuatu,2025-07-08,,4,Confirmed
4276,Michael Smith MD,Turkmenistan,,753.18,3,Cancelled
1445,Jimmy Welch,Northern Mariana Islands,2025-12-24,-99.99,3,Confirmed
2417,Kevin Wilson,Antigua And Barbuda,2024-11-06,,4,Cancelled
9333,Michaela Cook,Tajikistan,,1439.35,1,Confirmed
3882,Brenda Moore,Sweden,,960.44,1,Pending
4942,Teresa Glover,Cyprus,,1571.77,3,Cancelled
6076,Nicole Rodriguez,Saint Pierre And Miquelon,2025-02-28,,4,Pending
3144,Benjamin Kent,Nicaragua,2025-06-03,,4,Pending
2700,Kyle Palmer,Brunei Darussalam,2025-07-06,-99.99,2,Pending
1172,Heidi Wong,Nauru,,4063.08,1,Pending
5745,Summer Williams,Chad,,581.86,5,Cancelled
5399,Samuel Barker,Yemen,2024-04-12,,3,Cancelled
11433,Jade Grant,Mauritius,,2748.38,2,Cancelled
4649,Darrell Jones,Macao,,2666.06,1,Cancelled
10718,Emily Terry,American Samoa,,381.96,3,Cancelled
1072,Benjamin Blackburn,Liechtenstein,2024-03-02,,2,Pending
5770,Evelyn Vazquez,Guam,,997.49,3,Confirmed
8272,Kathy Reed,Uzbekistan,2025-03-03,,2,Cancelled
3081,Blake Scott,Switzerland,2025-10-21,,2,Cancelled
4618,Debra Brewer,Guernsey,,3862.1,4,Pending
5257,Anna Coleman,Chad,,2745.29,5,Pending
5995,Alice Hanson,Saint Kitts And Nevis,,2105.12,5,Cancelled
9012,Nicholas Powell,Ghana,,3620.54,2,Confirmed
3499,Christina Bonilla,Macao,2025-04-28,,5,Pending
3367,Angela Castro,Russian Federation,2025-07-24,-99.99,3,Confirmed
4247,Jerry Myers,Slovenia,2024-06-14,-99.99,3,Cancelled
3576,Stacey Lee,French Southern Territories,2024-07-20,,5,Confirmed
8695,Mark Bates,Slovenia,2025-11-30,,2,Pending
5589,Carla Morse DVM,South Africa,2026-01-17,,5,Pending
8987,Ashley House,Chile,,2595.25,2,Confirmed
11416,Kenneth Harrison,Tanzania,2024-06-13,-99.99,4,Pending
10829,Jeffrey Munoz,United Arab Emirates,2025-03-15,-99.99,4,Pending
8725,Susan Weaver,Heard Island And Mcdonald Islands,2025-08-29,,3,Pending
8875,Cynthia Salazar,Philippines,2025-06-17,,4,Cancelled
1317,Daniel Bonilla,Bangladesh,,1042.71,4,Pending
4161,Victor Goodwin,Romania,2025-01-10,,4,Confirmed
10820,Peter Perez,Cameroon,2024-06-10,,1,Pending
9441,Theresa Anderson,Heard Island And Mcdonald Islands,2024-09-28,,4,Cancelled
5292,David Nelson,Montserrat,2025-01-13,-99.99,5,Confirmed
4887,Brittney Johnson,New Zealand,2025-03-21,-99.99,5,Cancelled
5655,Nicholas Flores,Saudi Arabia,,4013.62,5,Cancelled
4378,David Ellison,Egypt,,3959.52,2,Confirmed
2785,Samuel Whitaker,Colombia,2025-01-01,,2,Confirmed
2848,Nicholas Mcknight,Dominica,2025-11-19,,1,Confirmed
6024,Yvette Mccarthy,North Macedonia,,308.86,3,Cancelled
9910,Caitlin Lucero,Kenya,2026-02-14,,3,Pending
4313,Janet Vasquez,Togo,2025-06-02,-99.99,5,Pending
6326,Amy Adams,Colombia,,188.41,1,Cancelled
3071,Adam Davis,United States Minor Outlying Islands,2025-12-16,,1,Confirmed
2218,Vanessa Williams,Holy See (Vatican City State),2025-04-29,,5,Confirmed
6561,Darlene Buckley,Fiji,,1073.42,5,Pending
4821,Margaret Dixon,Singapore,2024-09-05,,2,Pending
2226,Rebecca Collins,British Virgin Islands,,2934.21,2,Pending
2537,Pamela Knapp,El Salvador,2024-10-24,,3,Confirmed
9352,Christopher Werner,Pakistan,2025-12-30,,4,Cancelled
7954,Sarah Maldonado,Lesotho,2025-11-14,-99.99,4,Confirmed
5109,Christine Rodriguez,Ecuador,,2085.08,2,Pending
1784,James Mayo,Chile,,3474.26,5,Cancelled
1990,Gary Walters,Guam,,720.05,4,Cancelled
10431,Mallory Smith,Svalbard & Jan Mayen Islands,2025-06-03,,3,Cancelled
2850,Leslie Smith,Rwanda,2024-03-23,-99.99,1,Cancelled
4851,Ryan Owens,Azerbaijan,2025-05-18,,4,Pending
3609,Adam Campbell,Japan,2026-01-20,-99.99,5,Confirmed
6638,Katelyn Duran,Guernsey,,3747.15,5,Cancelled
2505,Troy Cabrera,Uruguay,,1576.91,2,Confirmed
10368,James Lopez,French Southern Territories,,3558.88,4,Pending
3004,Lori Schmidt,Korea,2025-01-13,,1,Pending
10737,Rebecca Sweeney,Barbados,2025-08-05,,5,Confirmed
8788,Christopher Pollard,Hong Kong,2024-04-23,-99.99,5,Pending
3062,Paula Lawson,Malta,2025-07-22,-99.99,4,Cancelled
1974,Heather Terry,Sao Tome And Principe,2025-11-20,-99.99,3,Confirmed
7233,Christian Peterson,Togo,,3410.74,4,Cancelled
1574,Luis Mason,Albania,,720.99,5,Confirmed
6422,Brenda Hall,Aruba,,500.31,2,Confirmed
10603,Matthew Garza,Armenia,,2617.69,3,Pending
10983,Janice Thompson,United Arab Emirates,,1947.04,2,Confirmed
6134,Eric Maxwell,Zimbabwe,2024-06-19,,4,Pending
8136,Joseph Wood,Ecuador,,402.15,2,Cancelled
3980,Dustin Morales,Albania,,2901.83,2,Pending
6353,Leslie Porter,Isle Of Man,2024-05-03,-99.99,1,Cancelled
2983,Teresa Pham,South Georgia And The South Sandwich Islands,2025-01-27,,3,Cancelled
1567,Alan Parker,Jersey,2024-08-25,,1,Cancelled
10270,Jeanne Wilkerson,Bahamas,,2117.6,4,Cancelled
7024,Jeremy Walker,Greece,,708.76,4,Pending
7920,Mackenzie Lewis,New Zealand,2025-06-29,,5,Confirmed
4826,Sheri Simpson,Saint Lucia,2024-09-26,,5,Pending
8374,Anne Merritt,Algeria,2024-05-31,-99.99,1,Cancelled
1666,Yvonne Wise,Nicaragua,2025-01-18,,1,Pending
2476,Martin Neal,Mali,2024-12-13,,3,Pending
2103,John Clark,Denmark,,1993.48,2,Cancelled
7310,Christopher Burke,Norway,,4722.98,5,Cancelled
3257,Larry Soto,Grenada,2025-10-06,,1,Confirmed
6808,Gabriel Hill,Morocco,2025-09-11,,5,Pending
2563,Kevin Simmons,Dominica,2025-08-13,,4,Cancelled
7619,Latoya Yates,Angola,,1872.32,5,Cancelled
4070,Kristi Watts,Turkey,2025-09-26,,2,Pending
11162,Victoria Henderson,Sierra Leone,,,2,Cancelled
7911,Christian Robertson,Cuba,,3465.42,1,Pending
8316,Angela Chan,United Arab Emirates,2024-10-12,,5,Pending
10987,Brooke Jordan,Bulgaria,,3604.49,2,Cancelled
8464,Carolyn Patton,Korea,,4783.53,4,Confirmed
3149,Andrea Torres,Mauritania,,2854.89,3,Pending
9482,Anne Maddox,Bahrain,,1494.59,4,Pending
6677,Casey Graves,Seychelles,2025-04-05,,1,Pending
11302,David Pittman,Guinea,2025-06-23,-99.99,4,Pending
10083,Jeffrey Deleon,Cayman Islands,,2622.5,5,Confirmed
11301,Joshua Martinez,Rwanda,,3450.97,4,Pending
8474,Anna Reynolds,Ghana,,1482.57,4,Pending
11254,Jennifer Bryant,Samoa,,3668.33,1,Confirmed
5566,William Hernandez,Fiji,,4645.45,2,Confirmed
11413,Jonathon Livingston,Vietnam,,3616.03,3,Confirmed
6666,Tracy Summers,Paraguay,,,2,Cancelled
1524,Cynthia James,Saint Vincent And The Grenadines,2025-08-11,,3,Cancelled
10728,Benjamin Chaney,Grenada,2024-07-28,,2,Pending
10833,Tracy Hill,Western Sahara,2025-03-18,-99.99,3,Confirmed
2181,Brianna Davis,Belgium,,1351.93,2,Confirmed
8888,Matthew Bowers,Saint Lucia,2025-05-05,-99.99,3,Cancelled
4476,Erica White,Antarctica (The Territory South Of 60 Deg S),2026-02-01,,4,Confirmed
1156,Alexis Anderson,Ethiopia,2025-10-04,,4,Pending
3935,Michael Warner,Nepal,2025-12-22,,1,Cancelled
2676,Catherine Webster,Algeria,,4977.1,3,Pending
9838,Patrick Oneill,Luxembourg,,405.94,5,Cancelled
4691,Steven Gibbs,France,,4508.47,5,Cancelled
7380,Regina Martin,Benin,2025-05-18,,1,Confirmed
9207,Ashley Lewis,Ethiopia,2025-02-06,,3,Pending
9602,James Spence,Iran,2026-01-26,-99.99,1,Pending
10972,Maria Flores,Kyrgyz Republic,2025-03-10,,4,Confirmed
9324,Kathy Campbell,Svalbard & Jan Mayen Islands,2024-10-25,,4,Pending
7908,Jason Flores,Latvia,2024-10-11,-99.99,5,Pending
3786,Melissa Hall,American Samoa,2025-11-16,,4,Pending
2946,Anita Patterson,Antarctica (The Territory South Of 60 Deg S),,406.87,4,Cancelled
6614,Laura Suarez,Christmas Island,,1760.7,5,Cancelled
5820,Mrs. Andrea Lowe,France,,3727.23,5,Pending
3830,Diane Jackson,Croatia,,1703.73,2,Confirmed
3724,John Lewis,Poland,,2964.17,3,Pending
10086,Ian Clark,Kyrgyz Republic,2025-11-13,,5,Cancelled
8205,Aaron Hill,Nauru,,2469.32,5,Cancelled
1142,Mark Kennedy,Mexico,2025-04-20,,3,Confirmed
9119,Christopher Martinez,Somalia,,476.01,1,Pending
4781,Jennifer Stevens,Jersey,2024-12-11,,4,Cancelled
3988,Angela Andrews,Dominica,2025-12-18,,4,Cancelled
1653,Karen Cochran,Mozambique,,4912.86,3,Cancelled
4841,Jennifer Long,Gambia,2024-03-29,,3,Cancelled
5970,Hailey Stevens,Saint Barthelemy,,740.32,2,Pending
3361,Joseph Myers,Nicaragua,2024-03-02,,5,Pending
6003,James Brooks,Antigua And Barbuda,2025-03-07,,2,Cancelled
6358,James Barron,Bouvet Island (Bouvetoya),,4270.72,4,Cancelled
2906,Lori Coleman,American Samoa,,2798.89,4,Cancelled
11209,Eric Banks,Sao Tome And Principe,,2752.58,4,Confirmed
8296,Steven Lee,Belgium,2024-07-22,,5,Confirmed
3328,Debra Dickerson,Uzbekistan,,2753.92,2,Pending
7156,Lee Harvey,Cayman Islands,2025-12-28,,4,Pending
4708,Nancy Jones DVM,Madagascar,2024-03-22,,1,Confirmed
3380,Kimberly Jenkins,Zambia,,2103.82,1,Cancelled
5571,Anthony Miller,Bouvet Island (Bouvetoya),,3543.81,2,Confirmed
1750,Kyle Garcia DVM,Namibia,,1194.12,5,Confirmed
8603,Cassandra Murray,Nauru,2024-04-06,-99.99,1,Cancelled
3883,Karen Bell,Korea,2025-07-15,,4,Cancelled
10046,Marco Campbell,Singapore,,2103.27,4,Confirmed
7808,Shawn Alvarez,Luxembourg,2025-02-15,,5,Confirmed
4567,Tiffany Hurley,French Guiana,2024-11-11,-99.99,4,Pending
5339,Henry Powers,Saint Barthelemy,2025-02-02,,1,Cancelled
10543,Stephen Smith,Gabon,,1407.59,4,Cancelled
1663,Kendra Cunningham,Palestinian Territory,2025-06-24,,5,Pending
3738,Adam Mendoza,Montserrat,2024-12-03,,5,Cancelled
6899,Adam Newton,Saint Barthelemy,,-99.99,3,Confirmed
3605,Sharon Rodriguez,Botswana,2025-02-14,-99.99,3,Pending
1071,Mr. Wayne Brooks,South Georgia And The South Sandwich Islands,2025-04-10,-99.99,5,Cancelled
4734,James Watkins,Congo,2024-04-13,-99.99,5,Pending
6940,Bradley Jones,Ethiopia,2025-05-31,,3,Cancelled
7805,Jill Jones,Brunei Darussalam,2024-03-18,-99.99,5,Pending
3169,Julie Ingram,British Indian Ocean Territory (Chagos Archipelago),2024-05-13,,1,Pending
4835,Sarah Leonard,Reunion,2025-10-27,,3,Pending
2152,Tracy Stewart,Afghanistan,2025-08-28,,5,Confirmed
8836,Robert Patterson,Bhutan,,1685.11,3,Cancelled
6802,Frank Johnson,Ireland,2024-10-23,-99.99,2,Cancelled
9152,Lisa Dyer,British Virgin Islands,2024-04-30,,1,Confirmed
5078,Alexandria Tyler,Malaysia,2024-09-11,,5,Pending
6487,Thomas Moody,Tajikistan,,1404.91,3,Pending
8921,Walter Saunders,Cape Verde,2025-02-24,-99.99,4,Confirmed
3360,Michael Hamilton,Yemen,2025-10-02,,1,Pending
6074,Nicole Hunter,Guam,,2934.92,5,Cancelled
10312,Hannah Williams,Dominican Republic,,3821.1,1,Pending
6009,Jessica Wright,Western Sahara,2024-11-28,,3,Cancelled
8138,Aaron Brown,Montenegro,,1123.82,5,Confirmed
9297,Samantha White,Greece,2026-01-10,-99.99,4,Cancelled
9496,Jennifer Howell,Seychelles,2025-06-04,-99.99,4,Pending
4009,John George,Finland,2025-09-19,-99.99,3,Pending
10780,Lisa Little,Dominican Republic,2024-11-02,,3,Cancelled
1852,Mr. Charles Lara,Greenland,2024-08-08,,2,Confirmed
11185,Elizabeth Boyd,Tonga,2025-11-11,-99.99,3,Cancelled
4066,William David,Switzerland,,2345.5,1,Pending
2849,Daniel Williams,Sri Lanka,,1372.26,2,Confirmed
11289,Patrick Mckinney,Estonia,2024-08-25,,5,Cancelled
10749,Ronald Alvarez,Hungary,,1044.84,4,Pending
9426,Denise Schroeder,Saint Lucia,2025-03-12,,5,Confirmed
9289,Dr. Morgan Shah,Nicaragua,2025-10-08,,1,Confirmed
2413,Tanya Blanchard,Timor-Leste,2025-08-01,,4,Cancelled
8066,Norman Moran,Saint Vincent And The Grenadines,,3591.45,5,Confirmed
1793,Marcia Lane,Philippines,2024-09-09,-99.99,5,Confirmed
5249,Jeffrey Baker,Switzerland,,3027.58,2,Confirmed
2257,David Jones,Mauritania,2026-02-22,,1,Cancelled
11062,Daniel Case DVM,Bulgaria,2024-04-15,,3,Cancelled
2762,David Crawford,Fiji,,572.24,3,Pending
2232,Casey Thomas,Montenegro,2024-07-30,,5,Cancelled
7341,Karen Campbell,Holy See (Vatican City State),2024-10-29,,4,Pending
1657,Lisa Paul,Montenegro,2025-02-02,-99.99,4,Confirmed
2619,Dana Miller,Guyana,2025-02-22,,3,Confirmed
11469,Sheri Norton,Cape Verde,,2821.65,2,Pending
1485,Duane Vega,Greenland,2025-05-08,-99.99,4,Confirmed
7567,Jennifer Freeman,Christmas Island,2024-05-17,,4,Pending
9601,Jon Williams,North Macedonia,2024-08-30,-99.99,5,Confirmed
1826,Shawn Collins,Israel,2024-08-27,-99.99,2,Pending
5851,Amy Brock,United States Of America,2024-05-30,-99.99,3,Pending
11243,Matthew Young,Azerbaijan,2025-06-07,-99.99,4,Confirmed
2493,Cynthia Allen,Equatorial Guinea,,1734.91,1,Pending
5487,Rebecca Fox,Cameroon,,3524.97,4,Cancelled
10188,Edward Johnson,Mali,2024-06-06,-99.99,1,Pending
3332,Michelle Richmond,Kazakhstan,,935.72,5,Cancelled
1095,Troy Love,Guernsey,,1102.76,5,Confirmed
3030,Michele Chapman,Greenland,,2549.69,2,Pending
4644,Tiffany Davis,Bangladesh,2024-08-23,,4,Cancelled
11278,Melody Carey,United States Virgin Islands,2024-07-06,-99.99,5,Pending
4493,Travis Moore,Bosnia And Herzegovina,2025-03-02,,1,Pending
11349,Kenneth Jones,Dominica,,2464.89,1,Pending
1934,Frances Jenkins,China,,4105.61,3,Cancelled
5910,Tina Campbell,Saint Martin,,593.5,3,Confirmed
6006,Daniel Taylor,Canada,2024-12-07,-99.99,2,Confirmed
8279,Rebekah Garcia,Tokelau,2024-08-01,,3,Confirmed
9444,Dr. Shannon Martin,Bolivia,2024-10-31,,1,Pending
6303,Colin Evans,Bolivia,2026-02-11,-99.99,3,Confirmed
4595,Mr. Marvin Gilbert Jr.,Vietnam,2025-07-09,-99.99,1,Confirmed
1303,Christina Holt,Niger,2025-09-06,,2,Cancelled
3602,Leonard Garner,Bangladesh,2025-08-17,,4,Pending
7553,Johnny Miller,United States Minor Outlying Islands,2026-02-16,-99.99,5,Confirmed
4760,Andrea Gonzales,Turkey,2026-02-11,,2,Cancelled
3096,Ray Williams PhD,Norfolk Island,2024-07-03,,5,Cancelled
10534,Mary Dixon,Niue,,4473.06,1,Confirmed
8315,Gregg Weaver,Burundi,,2277.7,1,Cancelled
7440,Bradley Warner,Algeria,2024-08-08,,1,Confirmed
7309,Patricia Durham,Iraq,2025-08-28,,1,Cancelled
9510,Tracy Silva,Norfolk Island,2025-06-03,,2,Confirmed
4031,Krystal Rodriguez,Malaysia,,190.78,3,Cancelled
1132,Brian Leach,Niue,2024-04-09,,5,Pending
2002,Jason Lara,Guatemala,2025-07-08,,3,Cancelled
10441,Austin Jefferson,Comoros,,4306.16,5,Confirmed
9000,Corey Summers,Botswana,2025-02-20,,2,Pending
7146,Crystal Vasquez,Uganda,,2170.86,4,Confirmed
5728,Jennifer Kane,Cote D'Ivoire,,3844.06,3,Pending
7018,Lauren Farmer,Bermuda,,-99.99,2,Cancelled
11305,Yvonne Wallace,Antarctica (The Territory South Of 60 Deg S),,4851.69,1,Confirmed
10996,Tracy Summers,Serbia,2025-09-21,,4,Confirmed
7807,Kathryn Armstrong,Kenya,2025-03-07,,4,Pending
8456,Harold Patton MD,Chile,,2719.96,1,Confirmed
1181,Jennifer Bowers,Chile,,1195.9,2,Cancelled
8009,Briana Kennedy,Eritrea,2025-06-14,,1,Pending
4808,Tiffany Peterson,Ireland,,2382.05,1,Pending
6093,Ariana Simmons,Tajikistan,2024-09-04,,5,Pending
11247,John Wright,Singapore,,4381.82,1,Confirmed
7103,Alyssa Johnson,Congo,2026-02-27,,2,Pending
10521,Linda Rivera,Congo,,4533.76,3,Cancelled
2388,Martha Lam,Micronesia,,3642.6,3,Pending
4779,Michael Cooley,Suriname,,1358.66,4,Confirmed
9176,Bethany Fletcher,Saint Pierre And Miquelon,,3639.0,3,Confirmed
3678,Todd White,Guam,2024-11-08,,1,Confirmed
8701,Christopher Pham,Trinidad And Tobago,2025-03-06,-99.99,2,Confirmed
1420,Mr. Louis Powell,Guadeloupe,2025-04-03,-99.99,5,Cancelled
5746,Joshua Stewart,Turks And Caicos Islands,,3067.8,3,Confirmed
6135,Alyssa Andrews,Cameroon,2025-01-12,,1,Cancelled
10288,Jennifer Martinez,Saint Lucia,2025-07-06,-99.99,5,Confirmed
7987,Jasmine Ayala,Argentina,,3516.41,5,Confirmed
6284,Richard Simmons,Iraq,2024-12-30,-99.99,3,Pending
3730,William Walters,Saint Martin,2026-01-10,,2,Confirmed
5619,Carlos Boone,Bolivia,,,3,Cancelled
6535,Michael Warren,Tuvalu,2024-03-17,,4,Pending
7681,Katrina David,Slovakia (Slovak Republic),2024-07-05,,1,Pending
6493,Randy Murphy,Armenia,2025-04-02,-99.99,5,Confirmed
7956,Kevin Larson,Micronesia,2025-11-05,-99.99,5,Pending
2489,Brianna Rice,Martinique,,2428.03,3,Pending
4356,Tina Williams,Spain,2024-08-08,,4,Confirmed
4654,John Sweeney,Nauru,,3372.3,1,Confirmed
5234,Madeline Lawson,Vanuatu,,179.63,5,Pending
10099,Karla Escobar,Ghana,,1423.78,2,Confirmed
8707,Christopher Brown,Netherlands,,3240.57,1,Confirmed
6883,Lauren Wright,Indonesia,,4040.23,3,Confirmed
5331,Lindsey Franklin,Zimbabwe,2025-10-03,-99.99,3,Confirmed
11384,David Warren,Dominica,,1306.79,5,Cancelled
5663,Brandon Craig,China,,4881.76,2,Pending
7182,Donna Evans,Moldova,,-99.99,3,Confirmed
2426,Danielle Dixon,Afghanistan,,1259.92,2,Cancelled
7267,Lisa Orr,Serbia,2025-04-29,,2,Pending
8660,Tracey Keith,South Georgia And The South Sandwich Islands,2024-06-13,-99.99,5,Cancelled
10139,Kimberly Noble,Bouvet Island (Bouvetoya),2025-01-30,,4,Cancelled
4898,Timothy Ware,Palestinian Territory,2024-07-11,-99.99,2,Pending
4678,Mr. William Barrera,Congo,,2658.97,4,Pending
5223,Desiree Blair,Saint Lucia,2025-04-28,-99.99,3,Confirmed
5297,Ashlee Jones,Finland,2025-12-11,,4,Cancelled
9939,Robert Zavala,Venezuela,2025-04-16,,4,Pending
7441,Amy Oneill,Israel,2024-06-02,,4,Pending
7148,Margaret Flores,Chile,,4336.62,1,Cancelled
5060,Kelly Preston,South Georgia And The South Sandwich Islands,2025-07-29,,2,Pending
6416,Ashley Rodriguez DDS,Namibia,,3102.18,2,Pending
8242,Emily Reyes,Thailand,2024-12-22,,1,Cancelled
4024,Deborah Tran,San Marino,,1924.0,2,Pending
2996,Michael Ortiz,Holy See (Vatican City State),2024-09-20,,2,Confirmed
6423,Derek Phillips,Isle Of Man,,3260.11,4,Pending
7857,Julie Salazar,Zimbabwe,,683.09,1,Pending
9638,Todd Hanson,Uganda,2024-07-10,,4,Confirmed
10051,Joseph Reyes,Yemen,2025-10-07,,4,Confirmed
7133,Julie Jones,Mauritius,,4651.2,2,Cancelled
6299,Brian Strong,Hong Kong,2025-06-03,,2,Confirmed
3074,Cynthia Mendoza,Christmas Island,2024-08-13,-99.99,2,Cancelled
5538,Julia Barnett,Dominican Republic,2025-09-03,,1,Cancelled
6717,Corey Johnson,Norfolk Island,,3516.9,4,Cancelled
10148,Anthony Weber,Panama,2025-05-20,,4,Confirmed
10777,Catherine Petersen,Cape Verde,2026-01-05,-99.99,2,Pending
5104,Kathryn Nguyen,Honduras,2025-07-15,,5,Cancelled
1948,Victoria Hines,Lithuania,,2109.3,4,Pending
8443,Jim Cox,Bosnia And Herzegovina,2025-08-21,,3,Pending
1905,Kelly Hall,Belarus,2025-04-06,-99.99,2,Pending
10017,Ronnie Charles,Liberia,2025-01-10,,1,Cancelled
6323,Ryan Taylor,Chile,2024-08-18,-99.99,1,Cancelled
9247,Yesenia Black,Hong Kong,2025-09-15,,4,Pending
8469,Julia Riggs,Guernsey,,2673.49,3,Cancelled
5580,Shannon Weiss,Nauru,2024-08-01,,5,Pending
1042,John Lewis,Italy,2025-01-31,-99.99,4,Pending
1876,Tabitha Reyes,United States Of America,,-99.99,2,Cancelled
2073,Melissa Davies,Zimbabwe,2024-04-11,,4,Cancelled
2969,Eric Stout,Philippines,2024-10-08,,3,Pending
9767,Michael Johnson,Belarus,2024-05-13,,5,Pending
6531,Lauren Soto,Svalbard & Jan Mayen Islands,2024-05-31,,4,Confirmed
11147,Ashley Parker,Benin,2024-12-08,-99.99,1,Cancelled
10345,Nathan Deleon,Greece,,559.8,1,Pending
8830,Stephanie Jordan,Qatar,2024-06-06,,5,Confirmed
2974,Tina Evans,Oman,,3500.26,1,Pending
4765,Ronald Frey,Qatar,,4103.35,2,Pending
5848,Kristen Kelley,Ecuador,2024-12-16,,4,Pending
10483,Kevin Lopez,Yemen,,3801.9,2,Pending
3942,Joseph Blanchard,Chad,,2419.31,1,Cancelled
2252,Alexander Jackson,Algeria,2025-10-28,-99.99,5,Confirmed
10192,Douglas Hernandez,Mongolia,,3822.52,1,Cancelled
7606,Karen Phillips,Kuwait,2025-02-21,-99.99,4,Cancelled
4030,Susan Gibson,Greece,,1738.12,5,Cancelled
5063,Eric Montgomery,Portugal,2024-10-09,,4,Pending
9545,Mary Moore,Malta,2025-02-18,,1,Confirmed
3101,Michelle Norman,Saint Helena,2025-07-23,,4,Pending
6144,Emily Sawyer,Tajikistan,2025-10-31,-99.99,5,Pending
7964,Michael Adkins,Uruguay,2025-05-08,,1,Cancelled
3173,Alexa Walker,Bolivia,,1211.13,2,Confirmed
5133,Angela Farley,Reunion,,218.91,5,Cancelled
4947,Kelsey Cooper,Uruguay,2024-10-23,,5,Cancelled
6421,Briana Turner,Chad,,2093.03,2,Cancelled
7656,Jeremy Cox,Micronesia,2025-06-22,,2,Cancelled
4438,Samuel Valdez,Eritrea,,3186.96,4,Cancelled
3061,Alyssa Maddox,Norway,,4013.62,2,Pending
3041,Steven Mcdonald,Norfolk Island,2025-08-29,,5,Pending
2042,Mallory Salas,Nauru,2025-04-02,,2,Pending
6274,Tabitha Gates,Guadeloupe,,2917.22,3,Cancelled
11290,Teresa Vega,Suriname,2025-02-12,,3,Confirmed
6554,Sonia Patrick,Switzerland,2026-01-24,,5,Confirmed
6107,Lisa Weiss,Lebanon,2024-12-08,,5,Confirmed
5560,John Stewart,American Samoa,2025-08-26,-99.99,3,Cancelled
3474,Victor Espinoza,Lesotho,2024-10-12,,3,Cancelled
11306,Ms. Tammy Wright DVM,Cayman Islands,2025-09-03,-99.99,3,Confirmed
10031,Phillip Watkins,Iraq,,3819.13,3,Confirmed
2431,Aaron Miller,American Samoa,,990.5,1,Cancelled
6549,Amber Woods,French Guiana,2026-01-19,-99.99,2,Confirmed
6847,Pamela Gill,Algeria,2025-08-20,,5,Pending
2486,Brenda Hawkins,Tanzania,2024-06-08,-99.99,2,Cancelled
10744,Aaron Mills,Armenia,,2270.12,4,Pending
8924,Jeffery Fisher,Afghanistan,,1919.56,1,Pending
5671,Shannon Bell,Saint Vincent And The Grenadines,,4639.58,4,Pending
4582,Jonathan Lopez,Antigua And Barbuda,2025-12-02,,4,Confirmed
1589,Jose Mendez,Greece,2025-11-12,,1,Confirmed
3925,Crystal Carter,Norway,2024-10-09,-99.99,5,Cancelled
6170,Kathryn Hawkins,El Salvador,2025-05-27,,5,Confirmed
6778,Mary Johns,Ireland,2024-12-11,,4,Pending
4831,Rebekah Scott,Latvia,,1289.49,5,Confirmed
2608,Kelsey Rich,Bolivia,2024-04-02,,1,Pending
4566,Bruce Hernandez,Ghana,2025-10-10,,3,Confirmed
4072,Sara Boyd,Poland,,2459.4,1,Cancelled
9674,Sarah Patel,Thailand,2024-07-25,,4,Confirmed
9671,Derrick George,Madagascar,2025-11-12,,3,Confirmed
9092,Jeremy Thompson,Cambodia,2025-05-21,-99.99,5,Confirmed
8715,Jason Hernandez,United States Of America,2024-06-03,,3,Pending
10228,Brenda Baker,Holy See (Vatican City State),,3797.34,4,Confirmed
9282,Wendy Wood,Cameroon,2025-01-17,-99.99,3,Confirmed
8503,Dustin Hughes,Lebanon,,3993.68,2,Pending
8550,Lance Gomez,Heard Island And Mcdonald Islands,2024-03-10,,4,Pending
5672,Donna Floyd,Myanmar,,4598.04,4,Confirmed
8823,Lindsey Mcgee,Jersey,2024-12-22,-99.99,4,Confirmed
7198,Craig Davis,South Africa,,1592.13,4,Cancelled
5731,Todd Gonzalez,Nicaragua,,1008.51,2,Cancelled
9230,Brad Gutierrez,Bosnia And Herzegovina,2025-05-16,,5,Confirmed
4948,Nancy Kelly,Venezuela,,4940.03,2,Confirmed
5166,Jennifer Clark,China,2025-12-23,-99.99,2,Cancelled
10201,Scott Ross,Fiji,2024-09-04,,5,Cancelled
10385,Richard Cannon,Israel,,550.0,3,Pending
5650,Amy Lindsey PhD,Cote D'Ivoire,2025-07-24,-99.99,5,Confirmed
6259,Dean Fitzgerald,Burkina Faso,,4379.71,4,Confirmed
9733,Kristi Clark,Zambia,,-99.99,5,Pending
6758,Karen Thompson,Anguilla,,2274.79,4,Pending
1069,Kenneth Anderson,Dominican Republic,,1348.77,2,Cancelled
4370,Shirley Brown,Iran,2025-01-03,,2,Cancelled
7475,Jaime Thompson,France,,,2,Confirmed
10092,Mrs. Pamela Orozco,Comoros,2024-07-16,,2,Pending
2627,Mrs. Tammy Santos MD,Gabon,2024-05-22,-99.99,3,Cancelled
9337,Allen Hill,Bulgaria,2024-10-22,,5,Cancelled
6239,Shannon Howard,Guam,2024-07-19,,3,Confirmed
6187,Gregory Carter,Cuba,,4328.9,5,Cancelled
10940,Antonio Walters,Belgium,,3025.78,2,Pending
2468,Anthony Mahoney,France,2025-01-30,,2,Pending
10775,Donna Morales,Jamaica,2026-02-25,,5,Pending
5219,Mary Bennett,Norway,,2089.81,2,Cancelled
5960,William Garrett,Argentina,2025-04-08,,4,Confirmed
9386,Darlene Williamson,Aruba,,350.55,3,Pending
5552,John Stephens,Pakistan,2024-06-12,,4,Confirmed
11197,Gina Duncan,Saint Kitts And Nevis,2026-02-17,-99.99,1,Pending
8045,Bryan Gallagher,Suriname,2024-11-11,,3,Cancelled
8890,Richard Chen,North Macedonia,2024-06-15,-99.99,3,Pending
6025,Robert Velasquez,Tuvalu,,410.61,2,Confirmed
4028,Sara Mitchell,French Southern Territories,2024-07-18,-99.99,5,Confirmed
3575,Kayla Anderson,Nigeria,2025-05-28,,4,Cancelled
9402,Amber Ryan,Trinidad And Tobago,,2750.33,4,Cancelled
9046,Alexander Le,Liberia,,692.78,1,Confirmed
10597,Michael Trujillo,Nigeria,2024-12-07,-99.99,2,Cancelled
1100,Mark Morgan,Ethiopia,2025-04-10,,5,Confirmed
11468,Alexander Jackson,Monaco,,2379.13,5,Pending
1198,Dr. John Palmer,Yemen,2026-01-22,,3,Confirmed
8425,Samantha Bell,Portugal,,,2,Pending
3174,David Reed,Cook Islands,2024-05-29,-99.99,1,Confirmed
2339,Adam Mcknight,Bermuda,,3079.68,2,Confirmed
9013,Sheila Robinson,Angola,,2546.3,4,Pending
8218,Katie Watts,Namibia,2024-12-23,,4,Confirmed
9812,Ann Morgan,Cook Islands,2025-12-31,,1,Cancelled
7415,Chad Cordova,Myanmar,,274.28,4,Confirmed
9452,Ashley Thompson,Malawi,2024-05-18,-99.99,4,Pending
1040,Ryan Wheeler,Thailand,2025-07-15,,4,Confirmed
1187,Ryan Bowman,Cape Verde,,4975.55,1,Confirmed
11086,Robert Thompson,Palau,2025-07-19,,5,Pending
6805,Donald Gates,Kyrgyz Republic,2024-03-22,,2,Confirmed
7384,Austin Sutton,Faroe Islands,2025-01-16,,4,Confirmed
9364,Billy Clark,Ghana,2026-02-13,,1,Pending
2487,Dawn Allison,Tunisia,2024-09-18,-99.99,1,Cancelled
1804,Mark Dean,China,2025-01-28,,2,Pending
6747,Angela Reid,South Africa,,3419.53,4,Pending
5484,Michael Barnes,Malawi,2024-05-04,,4,Pending
3471,Amber Ramos,Bermuda,2024-06-17,,3,Pending
10895,Brianna Alexander,Tuvalu,2025-04-22,-99.99,4,Pending
4466,Dylan Gonzales,Malaysia,2025-04-22,-99.99,1,Confirmed
7259,Heather Gillespie,Turks And Caicos Islands,,3976.69,4,Confirmed
9350,Brandon Robles,Bahamas,2025-02-05,-99.99,5,Cancelled
8933,Evan Williams,Switzerland,,4104.39,2,Confirmed
4044,Heather Garcia,Tajikistan,,,3,Cancelled
5962,Anthony Wallace,Australia,,1768.97,4,Confirmed
1235,Amanda Morris,United States Virgin Islands,,2452.95,3,Pending
4209,Douglas Robertson,Syrian Arab Republic,2025-11-11,,2,Cancelled
10960,Ricardo Smith,Brunei Darussalam,2025-07-24,,1,Confirmed
10956,Rachel Torres,Malta,2024-10-02,,5,Cancelled
8993,Theresa Diaz,Argentina,2024-09-09,-99.99,1,Confirmed
6830,Mark Lewis,South Georgia And The South Sandwich Islands,2026-01-18,-99.99,1,Pending
5993,Lindsay Johnson,Latvia,,2692.04,1,Cancelled
4170,Julian Kelly,Equatorial Guinea,2024-07-26,,4,Cancelled
5102,Nichole Morales,South Georgia And The South Sandwich Islands,2025-04-01,,5,Confirmed
9169,Olivia Thomas,Gibraltar,,2473.16,3,Cancelled
5414,Maria Taylor,Romania,2025-10-07,,1,Cancelled
2988,Mary Gay,Morocco,2024-09-16,,3,Cancelled
10962,William Williams MD,Kazakhstan,2025-02-21,,3,Confirmed
8542,Sarah Schroeder,Cameroon,2024-08-25,,3,Cancelled
10862,Veronica Morales,Czech Republic,,4146.65,4,Cancelled
1527,Robert Walker,Greenland,2026-02-05,,1,Cancelled
3477,Marco Mcdonald,Turks And Caicos Islands,2025-10-21,-99.99,1,Pending
5526,James Hodges,Belize,2024-06-06,,1,Pending
5019,William Webb,Palestinian Territory,2026-01-23,,3,Confirmed
2185,Robert Lewis,Palau,2024-08-26,-99.99,5,Cancelled
6708,Eugene Bird,Peru,2024-11-02,,4,Pending
11328,Melissa Castillo,Oman,,4180.21,4,Cancelled
8634,Reginald Thompson,Thailand,,2801.66,5,Confirmed
5090,Troy Moore,Ghana,2025-11-23,-99.99,5,Confirmed
5562,Peter Dawson,Saint Helena,,1128.05,5,Pending
5171,Gerald Stein,Israel,,892.03,1,Pending
8068,William Little,South Africa,,4510.03,5,Pending
4920,Michael Allen,Malaysia,,3686.38,2,Confirmed
3464,Stephen Reeves,Sudan,2025-10-01,,3,Confirmed
10878,Raymond Chavez,Thailand,,3646.13,1,Confirmed
7928,Leslie Allen,Guam,2024-03-13,,1,Pending
7820,Courtney Chavez,Togo,,1972.46,3,Pending
4788,Emma Jones,Jersey,2024-10-06,,3,Pending
10237,Gary Romero,Holy See (Vatican City State),2025-06-28,,5,Cancelled
3848,Richard Donovan,Madagascar,2024-03-14,-99.99,1,Cancelled
2269,Thomas Gutierrez,Turks And Caicos Islands,2025-05-01,,4,Pending
4792,Thomas Hughes,Kenya,2024-11-23,-99.99,1,Cancelled
6438,Elizabeth David,Faroe Islands,2026-01-09,,3,Pending
3694,Micheal Calderon,Papua New Guinea,2024-06-15,,1,Pending
4019,Bryan Robbins,Iceland,2025-12-03,,3,Cancelled
4871,Melanie Caldwell,Tunisia,,3001.37,1,Pending
1630,Matthew Young,Sweden,,2190.53,3,Cancelled
5094,Amber Hernandez,Somalia,,4923.39,5,Confirmed
3888,Matthew Cruz,Saint Lucia,,4795.32,2,Cancelled
9683,Richard Hale,Timor-Leste,2025-03-09,,4,Pending
2240,Diana Lee,Saint Martin,2025-06-04,-99.99,4,Cancelled
11473,Chad Prince,Nauru,,1047.07,4,Cancelled
6242,Phillip Vasquez,United Arab Emirates,2025-03-15,-99.99,5,Cancelled
7261,Tyler Frederick,Cyprus,2025-01-18,,1,Cancelled
1939,Donna Allison,Antigua And Barbuda,,2416.19,4,Pending
1966,Mr. Jonathan Curtis,Lebanon,2025-12-19,-99.99,3,Confirmed
10407,Jennifer Moody,Belize,,4230.88,3,Confirmed
6254,Erin Lucas,Gabon,2025-09-01,-99.99,5,Confirmed
4686,Cheryl Wilson,Greece,,510.51,4,Pending
2776,Jeffery Burton,Congo,2024-07-01,-99.99,5,Pending
3934,Katrina Robinson,Uruguay,2025-11-07,,3,Confirmed
9481,Earl Stanley,Congo,2024-05-25,,2,Confirmed
10016,Pamela Dyer,Portugal,,263.65,5,Cancelled
9461,Carolyn Meza,Vanuatu,,2432.14,3,Pending
10517,Michael Harris,Burundi,2024-04-08,-99.99,1,Pending
2387,Tara Roberts,Brazil,2025-07-17,,2,Pending
8056,Brad Wilcox,Liechtenstein,2025-12-20,,2,Pending
7066,Mr. Joshua Sanchez PhD,Tunisia,,4607.58,5,Cancelled
7566,Brian Mcintosh,Swaziland,2024-06-06,-99.99,2,Cancelled
7937,Aaron Gray,Slovakia (Slovak Republic),2024-06-15,,5,Confirmed
8848,Sandra Anderson,Slovakia (Slovak Republic),,1798.01,2,Confirmed
7968,Erica Bolton,Armenia,2025-10-01,-99.99,4,Confirmed
1390,Maria Fischer,Bermuda,2024-04-11,,2,Confirmed
2727,Jordan Guerrero,Netherlands,2024-08-12,,2,Pending
3064,Dana Barber,Serbia,2025-03-26,,4,Cancelled
4132,Brenda Mahoney,Estonia,2024-09-23,-99.99,4,Confirmed
3697,Tracy Johnson,South Africa,,2832.13,4,Confirmed
1681,Michael Kelley,Gambia,2024-08-08,,5,Confirmed
1297,Travis Gibson II,Israel,2026-02-12,,1,Pending
3535,Jessica Watson,Yemen,,1380.81,5,Pending
7795,John Collier,Guadeloupe,2024-04-24,,1,Confirmed
7980,Joshua Hart,Dominica,2025-06-28,,2,Pending
8527,Sarah Reeves,Cambodia,2025-09-04,,1,Confirmed
2867,Chelsea Strong,Benin,2024-03-19,-99.99,3,Pending
6965,Hector Evans,Czech Republic,2024-10-28,-99.99,5,Pending
7368,Kimberly Yoder,Angola,,468.69,4,Cancelled
9307,Kevin Harris,Germany,,4185.35,1,Confirmed
4677,Sylvia Johnson,Comoros,,2872.89,4,Cancelled
10172,Laurie Hill,Yemen,2024-07-11,,4,Pending
5879,Jason Lynch,Luxembourg,2025-05-27,,3,Pending
4322,Daniel Baker,Liechtenstein,2025-06-20,,1,Confirmed
6509,Kelly Lane,Namibia,,,3,Confirmed
5633,Yvette Arnold,Brunei Darussalam,2024-08-22,-99.99,4,Confirmed
7589,Darrell Green,Uruguay,2025-09-12,,5,Cancelled
2935,Robert Smith,Singapore,2024-08-27,-99.99,1,Confirmed
8246,William Rhodes,Chad,2025-06-26,,4,Confirmed
3345,Michael Allen,Bolivia,2025-03-20,,1,Pending
11325,Elizabeth Henry,Congo,2024-11-02,-99.99,4,Cancelled
10322,Diane Curtis,Nepal,2025-12-02,,1,Cancelled
11027,Tyler Gonzalez,Iceland,,3568.21,1,Confirmed
9935,Sandra Travis,Nepal,2025-08-12,,2,Confirmed
8123,Tammy Castaneda,Brazil,2024-03-22,,1,Cancelled
2706,Amanda Ramos,Vanuatu,2025-12-27,-99.99,3,Confirmed
10611,Dennis Braun,Venezuela,,4644.8,1,Confirmed
8804,Angela Burton,Palau,,3042.88,4,Pending
6705,Yvonne Ryan,Kiribati,,2309.26,2,Confirmed
6199,Tom Sawyer,Dominica,2025-12-02,,4,Cancelled
8115,Dwayne Davis,Mongolia,,4049.38,5,Pending
4022,Marcus Burton,Congo,2025-07-16,,2,Pending
4011,Rebekah Curry,Namibia,2024-05-16,,4,Pending
5458,John Mays,Faroe Islands,,3940.69,1,Cancelled
6307,Courtney Pace,Reunion,2024-11-22,,5,Pending
10763,Heather Rodriguez,Egypt,2025-01-14,,4,Pending
3747,Anthony Weber,Canada,2025-04-09,-99.99,5,Cancelled
3621,Rodney Miller,Yemen,2025-03-19,,5,Confirmed
8430,Emily Knox,Bosnia And Herzegovina,,290.79,2,Confirmed
5299,Jennifer Lee,Egypt,,1958.79,5,Cancelled
8149,Austin Vega,Latvia,,2183.36,2,Pending
2709,Corey Nunez,Egypt,,503.24,4,Pending
8501,Christopher Hahn,Saint Pierre And Miquelon,2024-04-27,-99.99,1,Confirmed
5946,Catherine Phillips,Macao,,3440.17,1,Cancelled
8511,Joseph Rodriguez,Israel,,357.59,2,Confirmed
9898,Erin Brady,Madagascar,2024-07-27,,1,Cancelled
10928,Aaron Lucas,Belize,,1055.95,1,Pending
3422,Brandon Rogers,Wallis And Futuna,2025-06-02,,1,Pending
8130,Nicole Johnson,Dominica,2025-08-29,,5,Confirmed
2625,Jacob Walker PhD,Argentina,2024-07-31,,3,Pending
6435,Andrew Wade,Reunion,,4037.2,4,Cancelled
3870,Brenda Carr,Tonga,2024-11-25,,4,Pending
9322,Timothy Nguyen,Estonia,,4062.38,5,Confirmed
5485,Gregory Moore,Ireland,2025-04-11,,2,Confirmed
10446,Joshua Smith,French Guiana,2026-01-16,,5,Confirmed
7220,Carol Castaneda,Christmas Island,2024-05-27,-99.99,5,Confirmed
8103,Jennifer Martinez,Liberia,,1511.96,2,Confirmed
5046,Brett White,Norway,2024-12-18,-99.99,3,Pending
3079,John Mcconnell,Uruguay,2024-11-12,-99.99,5,Cancelled
11065,Damon Mullen,Austria,,309.95,2,Cancelled
10850,Kevin Green,Spain,2025-01-05,-99.99,4,Confirmed
4509,James Nunez,Sri Lanka,,3286.82,4,Confirmed
4131,John Patel,Bahrain,2025-01-03,,5,Cancelled
7926,Tricia Wong,Zimbabwe,2024-03-02,,3,Cancelled
8418,Mark Roberts,French Guiana,2025-08-28,-99.99,2,Confirmed
5703,Robert Bailey,Portugal,2025-05-28,-99.99,4,Confirmed
7837,Veronica Williams,Nicaragua,,4483.51,5,Pending
3063,Logan Olson,Nauru,,3877.51,2,Pending
10336,Sarah Bowman,Djibouti,,1567.97,2,Confirmed
6937,Ann Jackson,Syrian Arab Republic,,1141.89,3,Pending
10963,Alexander Gray,Cook Islands,,,1,Confirmed
7737,Robert Walter,Argentina,2024-06-28,,5,Cancelled
3994,Danielle Herrera MD,Saint Helena,2024-03-27,,3,Cancelled
10218,Nicholas Smith,Finland,,2629.09,4,Confirmed
8420,Edward Camacho,Finland,,3096.15,3,Cancelled
2171,Scott Barnett,France,2025-11-29,,5,Confirmed
8642,Cody Duncan,Jordan,,2857.18,2,Cancelled
6345,Curtis Martinez,Moldova,2024-06-06,,5,Cancelled
3350,Aaron Lynch,Bermuda,2024-06-12,-99.99,5,Pending
3465,Sheri White,Sao Tome And Principe,2025-05-15,,5,Cancelled
10464,Emily Long,El Salvador,2025-03-01,,4,Pending
2645,Melissa Hardin,Guyana,2025-07-30,-99.99,2,Confirmed
6654,Jason Hayes,Namibia,2024-08-16,,3,Pending
6943,Brenda Sanford,Congo,,3289.1,5,Pending
6459,Courtney Silva,Congo,2025-06-15,,2,Pending
2464,Michael Nguyen,Cote D'Ivoire,2024-05-01,,2,Confirmed
8458,Joshua Edwards,French Guiana,2024-03-28,,2,Confirmed
7960,Jamie Carter,Iran,,2171.88,3,Pending
8476,David Hawkins,Turkmenistan,,3547.4,4,Cancelled
4398,James Willis,Slovakia (Slovak Republic),2025-02-11,,1,Confirmed
10482,Sarah Wood,Cape Verde,,1654.64,3,Cancelled
7725,Adrian Zimmerman,Cyprus,2024-03-19,,4,Confirmed
10536,Sandra Page,Jordan,2024-09-27,,1,Pending
10717,Vincent Yates,Burundi,,,3,Pending
2334,Steven Brown,Eritrea,,3528.8,2,Cancelled
5584,Brittney Petersen,Japan,2024-12-01,,5,Confirmed
6321,Abigail Nicholson,Guinea-Bissau,,2107.92,5,Pending
5238,Melissa Bentley,Falkland Islands (Malvinas),,2462.65,5,Cancelled
5957,Nicole Davidson,Congo,2024-05-27,,4,Confirmed
5139,Natalie Pineda,France,,535.08,2,Confirmed
8931,Sarah Mack,Saudi Arabia,2025-07-28,-99.99,5,Cancelled
8373,Samantha Walls,Argentina,2025-01-26,,2,Cancelled
4035,Claudia Williams,Yemen,,2225.32,3,Pending
4210,Riley Porter,Timor-Leste,,2133.55,3,Pending
11495,Daniel Wright,Somalia,2024-11-08,,3,Confirmed
1339,Angel Valdez,Cuba,2024-03-07,,1,Pending
4900,Jamie Zuniga,French Southern Territories,2024-10-08,,2,Pending
6569,Scott Keith,Maldives,2026-01-14,,4,Cancelled
9512,Gregory Freeman MD,Oman,,1834.31,4,Pending
4128,Debbie Ross,Fiji,,,2,Pending
2208,Melissa Wright,Maldives,2025-11-16,-99.99,2,Confirmed
11299,Jeremy Johnson,Fiji,2025-11-24,,2,Cancelled
7744,Daniel Brennan,Moldova,2025-11-29,,2,Pending
10825,Mark Rollins,Guinea,,1325.75,1,Confirmed
10109,Alicia Armstrong,Spain,2024-11-12,,4,Pending
1474,Jacob Lopez,Uganda,2024-09-30,-99.99,1,Confirmed
2474,Adam Brewer,Guyana,2025-08-23,,2,Confirmed
9133,Glenn Jones,Colombia,,2114.49,3,Pending
4016,Alexandria Patterson,Burkina Faso,2024-04-21,,5,Cancelled
2886,Susan Rowe,Guinea-Bissau,,1166.78,2,Cancelled
11499,Crystal Obrien,Saint Vincent And The Grenadines,2025-03-31,,2,Pending
9390,Kenneth Walker,Guyana,,2143.79,5,Pending
7622,Timothy Davis,Saudi Arabia,2024-07-09,-99.99,2,Confirmed
5609,Christian Norton,Japan,,2236.03,1,Pending
3454,Natalie Walker,Micronesia,2024-09-06,,2,Cancelled
7172,Amy Tate,Guatemala,,3383.87,1,Confirmed
5265,Justin Warner,San Marino,2026-01-20,,3,Cancelled
9689,Paul Padilla,Venezuela,,4633.91,1,Confirmed
7355,Thomas Campbell,Suriname,2025-10-25,,4,Confirmed
2920,Jessica Morton,Guadeloupe,2025-06-30,-99.99,4,Pending
7068,Rachel Wu,Dominica,,4835.39,1,Pending
5495,Cheryl Robles,Belize,,637.29,5,Cancelled
8428,Cathy Lewis,Myanmar,2025-12-31,,5,Pending
8019,Timothy Montgomery,Turkey,,3503.95,5,Confirmed
5868,Keith Wilson,Ghana,2026-02-19,,2,Confirmed
9242,Wanda Lewis,Cayman Islands,,3665.85,3,Pending
8415,Robert Simon,Morocco,,356.85,3,Cancelled
8481,Leslie Pitts,Gibraltar,2025-03-08,,1,Cancelled
6951,Gary Hines,Tokelau,,3595.12,5,Confirmed
8122,Cindy Green,Pitcairn Islands,2025-05-18,,2,Confirmed
7582,Michael Townsend,Namibia,,2319.88,4,Confirmed
10144,Mrs. Terry Patel,Guinea,2025-06-09,,1,Confirmed
3736,Pedro Oconnell,Ghana,,4665.84,4,Cancelled
2994,Amy Page,Antigua And Barbuda,,184.72,5,Confirmed
3369,Kristin Herrera,Tokelau,,1568.83,1,Confirmed
11182,Jeffrey Hill,Georgia,,2804.38,1,Cancelled
4966,Taylor Moore,Palestinian Territory,2024-08-13,,2,Confirmed
5264,Benjamin Gonzalez,Saint Pierre And Miquelon,2024-11-01,,4,Cancelled
9719,Brent Turner,Svalbard & Jan Mayen Islands,2024-08-13,,3,Cancelled
7938,Daniel Allen,Chad,2025-04-05,,3,Confirmed
3210,David Zimmerman,Ghana,,3457.51,5,Pending
6081,Christopher Lewis,Kiribati,2025-11-11,,2,Pending
8101,Nancy Flores,Macao,2026-01-04,,2,Confirmed
6872,Julie Howard,Marshall Islands,2025-04-26,-99.99,4,Cancelled
9679,Cynthia Schmitt,Namibia,2025-09-02,,5,Pending
3618,Randy Smith,Malta,,4242.81,3,Cancelled
10025,Chloe Miller MD,Gabon,,3972.03,5,Cancelled
1228,Kristine Mccarthy,Congo,,3170.48,3,Pending
3625,Allen Werner,Chad,,2007.26,4,Cancelled
4520,William Brady,Cayman Islands,,4500.29,1,Confirmed
2539,Cindy Haas,Solomon Islands,,4058.54,5,Pending
10516,Robert Oliver,Saint Pierre And Miquelon,2024-09-15,,3,Cancelled
1191,Levi Wilkinson,Cocos (Keeling) Islands,2024-07-13,-99.99,4,Pending
10367,Karen Allen,Sri Lanka,,3382.81,5,Confirmed
4883,Rebecca Lopez,Niger,2025-03-11,,5,Cancelled
8405,Lauren Warner,Djibouti,2025-07-03,,4,Pending
4361,Carolyn Hayden,Belarus,2025-06-08,,1,Cancelled
6471,Angela Ritter,Cook Islands,2024-12-03,-99.99,5,Pending
4353,Melissa Aguilar,Papua New Guinea,,423.58,4,Confirmed
1070,Kayla Stewart,Belarus,,2032.69,3,Pending
3540,Mary Choi,Marshall Islands,,1083.11,5,Confirmed
1916,Samantha Arellano,Uganda,,421.71,5,Cancelled
3567,Stacey Mcclain,Antarctica (The Territory South Of 60 Deg S),2025-10-23,-99.99,1,Cancelled
8869,Raven Owens PhD,Turkmenistan,,805.31,1,Confirmed
3677,Thomas Peterson,Romania,,4728.9,2,Cancelled
4973,Tiffany Tucker,South Georgia And The South Sandwich Islands,2026-02-12,-99.99,4,Cancelled
10904,Carolyn Nelson,Nigeria,2025-06-01,,4,Pending
8761,Joy Hartman,Cyprus,2025-04-06,-99.99,4,Pending
11366,Kelly Murray MD,Samoa,,1922.46,4,Pending
1578,Timothy Lewis,Hong Kong,2025-03-15,,3,Confirmed
7472,Mandy Harrington,Cook Islands,,3439.34,1,Pending
7145,Russell Saunders,Nepal,,623.23,3,Pending
11486,Jeffrey Schroeder,Congo,,1839.43,2,Pending
8886,Laurie Robinson,Ukraine,,1294.08,4,Confirmed
8729,Amy Robinson,Venezuela,,1694.24,5,Pending
1715,Joseph Horn,Brazil,,534.56,1,Confirmed
11444,Michele Howard,Wallis And Futuna,,4457.6,3,Cancelled
6668,Levi Macdonald,Sri Lanka,2024-07-22,-99.99,1,Pending
5039,Bill Jackson,Greenland,2024-11-16,,4,Pending
2710,Samuel Ho,Ireland,2026-01-17,-99.99,2,Cancelled
9860,Lori Anderson,Macao,,4366.2,4,Cancelled
7112,Brent Marquez,Libyan Arab Jamahiriya,2024-05-28,,1,Pending
7065,Elizabeth Gray,Turkey,,1281.77,4,Cancelled
8289,Lance Nelson,Bolivia,,4420.34,4,Pending
7685,Amy Dunn,Estonia,2025-11-23,-99.99,4,Pending
10274,Heather Hall,Guinea,2024-03-22,,2,Confirmed
6971,Jessica King,Djibouti,2025-02-27,,2,Pending
4081,Gerald Escobar,Norfolk Island,2025-02-24,-99.99,5,Pending
1517,Brent Edwards,Pakistan,2024-12-13,,5,Pending
4573,Christopher Harrison,Ireland,,3018.21,3,Pending
6461,Donna Tanner,Saint Lucia,2024-10-20,,1,Cancelled
7349,Melissa Barnett,New Caledonia,2024-04-20,,1,Cancelled
6684,Victor Moreno,Dominica,,861.21,2,Pending
2358,James Cross,Uganda,,809.24,2,Confirmed
6773,Jennifer Giles,Egypt,,2662.35,1,Cancelled
5190,Keith Day,Tanzania,2024-07-05,,1,Cancelled
6511,Tara Johnson,Sri Lanka,2024-05-20,-99.99,2,Confirmed
6236,Chelsea Price,Tajikistan,2024-05-11,-99.99,5,Pending
1851,Mark Thomas,Argentina,,4281.29,5,Cancelled
10252,Evan Fuller,Gambia,2024-12-07,,5,Confirmed
10912,David Perez,Guadeloupe,,1354.0,1,Pending
9992,Dan Vasquez,Saint Pierre And Miquelon,2024-09-28,,3,Cancelled
3599,James Ellison,Micronesia,2025-03-29,-99.99,3,Cancelled
6938,Darrell Anderson,Nicaragua,2025-04-17,,1,Confirmed
11387,Robert Howell,New Caledonia,,2725.35,5,Confirmed
4008,Mary Brown,Cook Islands,,3460.0,4,Cancelled
4102,Nathan Pierce,Cote D'Ivoire,,4554.39,1,Confirmed
8037,Noah Steele,Portugal,,3096.19,1,Cancelled
5198,Leslie Stanley,Benin,2024-04-14,,3,Pending
3992,Susan Caldwell,Cameroon,,-99.99,3,Pending
6058,Patrick Estrada,Canada,2024-10-18,-99.99,4,Confirmed
1028,Maurice Pruitt,Oman,2024-09-22,,5,Pending
8779,Bobby Christensen,Holy See (Vatican City State),2024-06-20,,5,Cancelled
1965,Jim Sanchez,Saint Pierre And Miquelon,,4633.0,4,Pending
4820,Gwendolyn Warner,Czech Republic,2025-11-23,,5,Pending
6463,Jenna Richardson,Iraq,2025-02-14,,2,Pending
3254,Jessica Simpson,Palau,,4734.55,5,Cancelled
9050,Teresa Christensen,Slovakia (Slovak Republic),,644.64,1,Cancelled
8540,Jeremy Sullivan,Libyan Arab Jamahiriya,,2244.13,4,Confirmed
11424,Malik Gomez,Greece,,3808.73,5,Cancelled
7240,Sarah Matthews,Sweden,2026-02-09,,4,Confirmed
4571,Mr. David Barron,Bolivia,2025-03-31,-99.99,5,Confirmed
1776,Cynthia Herrera,Romania,,1706.49,5,Pending
2895,Lisa Parks,Senegal,2025-10-06,,3,Pending
4806,Michael Rodriguez DDS,Lesotho,,4587.05,5,Confirmed
11298,William Bush,Antarctica (The Territory South Of 60 Deg S),2025-02-07,-99.99,5,Cancelled
11458,Angela Anderson,Hong Kong,2024-11-28,,4,Cancelled
2237,Christopher Reed,Micronesia,2024-08-14,,2,Confirmed
9235,Michael Smith,Saint Martin,2025-12-11,,3,Pending
1091,Tracy Reyes,Iran,2025-01-11,,4,Cancelled
1727,Joe Powell,Antigua And Barbuda,,188.01,5,Cancelled
10465,Jerry Reed,Nicaragua,2024-09-12,-99.99,3,Pending
1533,Joshua Summers DVM,Burundi,,1540.53,3,Pending
6038,Lori Morrow,Czech Republic,2024-12-03,-99.99,3,Cancelled
10861,Philip Wade,Vanuatu,2025-05-08,,5,Pending
9494,Joseph Morgan,Madagascar,,153.26,4,Cancelled
7365,Mr. John Sullivan PhD,Hungary,,4742.35,1,Cancelled
4489,Chelsea Dominguez,Heard Island And Mcdonald Islands,,4019.15,2,Cancelled
2446,Brandi Alvarado,Cameroon,2024-10-30,-99.99,4,Pending
10495,Wesley Maxwell,British Virgin Islands,2025-03-03,,1,Cancelled
2056,Brett Simmons,Saint Vincent And The Grenadines,2026-01-04,,5,Cancelled
11250,Laura Maldonado,Papua New Guinea,,-99.99,1,Pending
5850,Samantha Johnson,Yemen,2025-10-25,,2,Cancelled
7075,Reginald Mayer,British Indian Ocean Territory (Chagos Archipelago),2025-10-30,,2,Pending
5711,Pamela Price,Turks And Caicos Islands,,4621.72,1,Confirmed
7020,Sandra Terry,Ethiopia,2025-06-17,,3,Cancelled
5276,Laura Bennett,Saudi Arabia,2025-04-16,-99.99,2,Cancelled
10084,Jennifer Gomez,Cameroon,2024-04-04,,3,Pending
3310,Kevin Cox,Grenada,,1033.33,3,Confirmed
1255,Randy Phillips,Zambia,,3728.14,1,Pending
7925,James Rivera,Burundi,2025-04-26,,3,Cancelled
9023,Michael Taylor,Lebanon,,2247.09,3,Pending
5933,Amy Miller,Kyrgyz Republic,2024-05-26,,2,Pending
5232,Todd Anthony,Anguilla,,276.49,4,Pending
6257,Justin Wilson,China,2025-09-15,,5,Confirmed
3186,Julia Martinez,Taiwan,,4608.48,1,Pending
1201,Kyle Murphy,China,2024-04-09,,3,Confirmed
1519,Heather Simmons,Liberia,,2849.0,1,Pending
5536,Alicia Bennett,Zambia,,513.89,1,Pending
4442,Michelle Boone,Uganda,2024-09-26,,2,Cancelled
4230,Danielle Moyer,Congo,2026-03-01,,3,Pending
1440,Susan Choi,Somalia,,4374.42,3,Confirmed
3912,Victor Singleton,Saint Barthelemy,2025-08-22,,1,Pending
4089,Nicole Barnes,Guatemala,,1714.75,4,Pending
3316,Bradley Riley,Spain,2024-03-27,-99.99,5,Confirmed
4953,Roger Lamb,Mauritius,2025-10-24,,4,Pending
6000,Cody Smith,Senegal,2025-01-08,,3,Cancelled
6588,Stephen Roberts,Sierra Leone,2026-01-15,,4,Pending
5033,Barry Armstrong,Pitcairn Islands,2025-12-01,-99.99,2,Cancelled
2227,Mr. Joseph Williams,Namibia,2024-07-15,,2,Pending
8118,Patrick Forbes,Moldova,2024-04-15,,1,Cancelled
8979,Sheila Cisneros,Timor-Leste,,,5,Pending
9735,Mary Smith,New Zealand,2025-06-22,-99.99,1,Confirmed
1818,Paul King,Estonia,,1661.5,3,Pending
7967,Paul Lopez,Jamaica,2024-05-27,-99.99,5,Cancelled
5678,Jackie Guerrero,Austria,,4170.7,1,Pending
1489,Meghan Harrington,Andorra,,4607.59,4,Confirmed
3279,Joann Rocha,Saudi Arabia,2026-02-11,,1,Cancelled
2329,Robert Gonzalez,Georgia,,1772.65,1,Confirmed
7012,Darryl Cook,Hungary,,966.3,1,Confirmed
4754,Scott Blake,Algeria,,3005.66,2,Pending
10805,Todd Cox,Turks And Caicos Islands,2025-04-29,,1,Pending
2100,Mrs. Kristen Ramsey,Croatia,,,2,Confirmed
6476,Mitchell Larson,Guinea,2026-02-17,-99.99,3,Cancelled
11294,Peter Thompson,Central African Republic,2024-07-27,,2,Confirmed
5284,Jonathan Colon III,Pitcairn Islands,2024-03-23,,4,Pending
9244,James Hernandez,Libyan Arab Jamahiriya,,,2,Confirmed
4190,Michael Wilson,Morocco,2024-05-12,,1,Confirmed
6172,Paul Flores,Mauritius,2024-07-01,-99.99,1,Confirmed
7241,Nicholas Bullock,Djibouti,2024-08-16,,5,Cancelled
2739,Joshua Nelson,Equatorial Guinea,,807.68,4,Cancelled
5254,Jennifer Elliott,Canada,,3509.59,4,Confirmed
2572,Wendy Robinson,Belgium,,1082.1,5,Pending
3801,Shelby Levine,Honduras,2025-11-24,,5,Cancelled
4389,Walter Woodard,United States Virgin Islands,,,4,Confirmed
5921,David Anderson,Belarus,,3885.51,2,Confirmed
8896,Katrina Wilson,Montserrat,2025-10-16,-99.99,2,Confirmed
2402,Jacqueline Phelps,Tonga,2024-07-08,,3,Confirmed
9436,Joel Carter,Mongolia,2025-03-08,-99.99,2,Cancelled
8584,Catherine Brown,Guyana,2024-04-24,,3,Confirmed
3663,Mark West,Cape Verde,,629.19,3,Pending
4570,Tracie Kim,Sudan,,4254.24,3,Confirmed
8757,Jerry Brown,Mali,,-99.99,1,Pending
5376,Daniel Rose,Monaco,2024-11-01,,2,Pending
9558,Adrian Olson,Costa Rica,,2931.59,3,Confirmed
8664,Tracy Perez,Iceland,,3531.56,2,Cancelled
6831,Joseph Rivas,Libyan Arab Jamahiriya,,1048.0,1,Confirmed
7054,Isabel Goodwin,Czech Republic,,-99.99,5,Cancelled
4622,Teresa Riley,Israel,2025-10-22,,5,Confirmed
1945,Richard Farrell,Qatar,2025-05-06,,1,Cancelled
6888,Jasmine George,Gabon,2024-06-01,,1,Pending
6843,Cynthia Black,Norfolk Island,2025-02-25,-99.99,5,Pending
1105,Dean Reed,Egypt,,2551.58,1,Cancelled
7904,Kevin Smith,Mongolia,,3287.52,1,Cancelled
2412,Noah Adams,Congo,2025-01-22,,4,Cancelled
2038,Michael Lloyd,Niue,,,1,Pending
10021,Jonathan Ortiz,Congo,2024-08-10,,4,Cancelled
6861,Gary Pham,Cook Islands,2025-01-08,,1,Cancelled
8082,Brenda Bonilla,Netherlands,2024-11-27,,4,Cancelled
5776,Emily Parker,Finland,2024-11-26,-99.99,3,Pending
8181,Linda Park,French Southern Territories,2024-10-22,-99.99,3,Pending
6253,Victoria Yates,Palau,,1812.29,2,Cancelled
3421,Christopher Li,Switzerland,2025-04-29,,4,Pending
2842,Anthony Brown,Chad,2025-09-11,,5,Confirmed
2810,Charles Johnston,Uganda,2024-07-16,-99.99,1,Confirmed
8736,Nicole Walsh,Peru,2026-01-16,,2,Confirmed
6319,Nicole Lee,Eritrea,,641.06,5,Pending
6004,David Smith,Colombia,,4600.92,3,Pending
1429,Hannah Stephens,Antigua And Barbuda,,1335.91,5,Confirmed
7411,Ashley Flores,Portugal,,3584.98,2,Cancelled
1128,Lauren Smith,Mozambique,2024-10-22,-99.99,3,Pending
2881,Debra Matthews,Albania,2025-10-20,-99.99,4,Cancelled
9446,Paul Garcia,Tajikistan,2025-05-29,-99.99,5,Confirmed
6618,Richard Wiley,Ukraine,2024-11-16,-99.99,2,Pending
6352,Jennifer Charles,Brunei Darussalam,2026-01-12,,2,Confirmed
10314,Brittney Jordan,Andorra,2025-09-11,,4,Cancelled
2732,Dr. Nathan Harris,Saint Martin,,,2,Cancelled
1972,Danny Hatfield,Macao,,735.48,2,Confirmed
9986,Erin Ward MD,Albania,2024-09-01,,1,Cancelled
4791,Stephanie Evans,Guadeloupe,2025-12-18,,3,Confirmed
1969,Nathan Mcdonald,Ethiopia,2024-06-20,,4,Confirmed
2187,Austin Jones,Cyprus,,2168.16,2,Confirmed
4058,John Chase,Palestinian Territory,2025-05-05,-99.99,2,Pending
8028,Jacob Fisher,Iran,,4627.54,2,Confirmed
8995,Jennifer Gentry,Cyprus,,4571.49,3,Cancelled
7039,Diana Reid,Greenland,2026-01-16,,5,Pending
2006,Samantha Barron,Ghana,,4386.11,2,Confirmed
9419,Meghan Morrow,Bahrain,,-99.99,2,Pending
4095,Lisa Miller,Guernsey,,2212.97,1,Confirmed
7474,Vincent Green,Nicaragua,,3539.4,2,Pending
6516,Casey Smith,India,,3817.48,1,Confirmed
10800,Pamela Evans,Saint Barthelemy,2025-11-29,,4,Pending
4970,Mark Rodriguez,Venezuela,2025-02-09,,3,Cancelled
3922,Andre Morales,Anguilla,2024-07-25,-99.99,2,Pending
7369,Michele Wilkins,Georgia,2025-02-23,-99.99,4,Cancelled
10643,Laura Gamble,Denmark,,4228.91,3,Cancelled
8433,Christina Bradshaw,Tajikistan,2026-02-25,,2,Cancelled
8880,Benjamin Hughes,Burundi,,3901.45,3,Confirmed
9379,Beth Lynch,Sri Lanka,2025-10-31,,3,Confirmed
8852,Edward Fuller,Kiribati,,466.38,4,Cancelled
7487,Kenneth White,Poland,,3215.15,1,Confirmed
7632,Robert Cox,Cyprus,2025-04-14,-99.99,4,Pending
11457,Charles Rodriguez,Pitcairn Islands,2025-12-10,,4,Confirmed
4029,Lawrence Gonzalez,Turks And Caicos Islands,2025-08-10,,5,Cancelled
10729,Scott Jones,Kuwait,2024-03-31,-99.99,4,Confirmed
7299,Kerry Wells,Serbia,,1751.45,5,Pending
7317,Julie Maxwell,Palau,2025-04-30,,2,Pending
5246,Daniel Miller,Jamaica,2025-07-02,-99.99,3,Confirmed
10340,Michael Cox,Mozambique,,3522.56,1,Cancelled
9487,Samantha Bauer,Western Sahara,,692.61,5,Confirmed
7207,David Rowe,Denmark,,2087.17,4,Confirmed
1680,Alexa Garcia,Heard Island And Mcdonald Islands,2025-01-28,-99.99,5,Confirmed
11308,Andrea Webster,India,,-99.99,5,Confirmed
10246,Frederick West,Malawi,2024-05-26,,3,Cancelled
8509,Seth Parsons,Guam,,2070.12,4,Confirmed
7151,Shawn Rodriguez,Austria,,1283.8,2,Cancelled
1135,Mrs. Alicia Nelson,Guatemala,2024-10-22,,5,Cancelled
3696,Kevin Dillon,Morocco,,393.92,2,Confirmed
9864,Eric Elliott,Yemen,2025-02-27,,4,Pending
3027,Tiffany Oliver,Wallis And Futuna,,4055.84,1,Confirmed
2421,Scott Cortez,Guyana,,1621.54,4,Pending
2424,Michelle Rivers,Madagascar,2024-03-18,,3,Confirmed
2623,Nicole Lowe,Montenegro,2024-11-01,,2,Cancelled
2544,Johnny Johnson,Saudi Arabia,2025-10-16,,2,Confirmed
9335,Samuel Campbell,Belize,,1650.45,5,Confirmed
5502,Vanessa Alexander,Mozambique,2024-07-15,,1,Pending
8626,Lauren Thompson,Turkey,,1083.72,4,Confirmed
2373,Jamie Williams,United States Minor Outlying Islands,2025-07-19,,1,Confirmed
6087,Susan Rogers,Djibouti,,3847.91,1,Cancelled
11293,Cassandra Myers,British Indian Ocean Territory (Chagos Archipelago),2024-12-07,,5,Cancelled
10224,Rebecca Landry,Yemen,2025-09-03,,5,Confirmed
4373,Christopher Williams,Svalbard & Jan Mayen Islands,2025-04-21,-99.99,5,Pending
2153,Maureen Diaz,Micronesia,,4183.0,2,Pending
9328,Rebecca Allen,Marshall Islands,,1194.93,4,Confirmed
9401,Ryan Jones,New Zealand,,1450.23,5,Cancelled
10817,Patrick Rogers,Bosnia And Herzegovina,2026-01-23,-99.99,2,Pending
6760,Carlos Estes,Guernsey,2025-01-28,,2,Confirmed
6021,Chris Miller,Gibraltar,,4659.56,4,Pending
7091,Christina Martinez,Dominica,,4043.93,1,Cancelled
10131,Suzanne Miller,Mayotte,2024-07-09,-99.99,1,Cancelled
8160,Max Bradford,Guernsey,,809.3,5,Pending
4184,Christina Holloway,Antarctica (The Territory South Of 60 Deg S),,2152.53,3,Pending
8222,Kelsey Harrison,Egypt,2024-05-27,-99.99,5,Pending
9865,Kenneth Snyder,Turkmenistan,2024-09-08,,3,Cancelled
1315,Rebecca Smith,Lesotho,,2845.32,2,Confirmed
2925,Angelica Ross,Comoros,,435.98,5,Pending
7041,Adam Dillon,Belarus,,1393.52,2,Cancelled
10033,Yvette Marks,Dominica,2024-12-27,,2,Cancelled
6739,Richard Jackson,Djibouti,2024-10-12,,2,Cancelled
8552,Billy Scott,Slovenia,,4367.08,3,Cancelled
2348,Kathleen Ramirez,Algeria,2024-03-18,,4,Confirmed
5975,Mrs. Nancy Thompson,Singapore,2025-09-17,,4,Cancelled
10510,Kirk Johnson,Paraguay,2025-02-28,,3,Cancelled
4295,Alan Andrews,Andorra,2024-12-31,,1,Cancelled
8269,Michael Walter,Niger,2025-08-01,,1,Pending
2188,Peter Johnson,Cambodia,,1363.4,4,Pending
8753,Justin Simpson,Nicaragua,,3234.24,2,Confirmed
5180,Carrie Gonzalez,Peru,,103.52,3,Confirmed
6276,Antonio Navarro,Cyprus,2026-02-08,,2,Cancelled
5787,Kevin Torres,Oman,,2458.73,4,Confirmed
8050,Kerry Hill,Greece,2025-08-20,,1,Confirmed
3773,Scott Burke,Niger,2024-11-25,,1,Cancelled
3734,Alexander Williams,United Kingdom,,2771.87,5,Cancelled
10757,Martha Lee,Niger,2025-10-18,,2,Cancelled
7480,Victor Adams,Bhutan,2025-12-09,-99.99,1,Cancelled
1419,Kelly Cervantes,Reunion,,844.55,3,Cancelled
1495,Angela Freeman,Kenya,2025-07-24,-99.99,2,Cancelled
2531,Mark Solis,Lesotho,,968.04,1,Cancelled
6467,Debra Cox,United States Of America,,4741.56,5,Pending
10982,William Duncan,United States Of America,2025-06-07,,3,Confirmed
7697,Rebecca Mccarthy,Guadeloupe,2025-01-11,-99.99,1,Confirmed
9867,Amanda Rivera,Trinidad And Tobago,,2757.89,1,Cancelled
8089,Ruth Jimenez,Pitcairn Islands,,2181.21,2,Cancelled
9747,Nicholas Patel,Sri Lanka,,2835.26,2,Pending
10612,Melissa Juarez,Gambia,,1797.02,3,Pending
2588,Hunter Lee,Sweden,,1884.96,1,Confirmed
2298,Summer Zimmerman,Brazil,,4341.26,1,Confirmed
1963,Dale Ellis,Pakistan,,3187.36,3,Pending
6442,Scott Fisher,Yemen,,1358.61,4,Cancelled
8582,Randall Green,Antarctica (The Territory South Of 60 Deg S),,4958.65,4,Cancelled
9329,Logan Jackson MD,Slovenia,,916.34,4,Confirmed
3954,Casey Cox,Ecuador,2025-06-18,,5,Pending
6420,Manuel Taylor,Japan,2025-07-23,-99.99,3,Cancelled
2066,Krystal Hernandez,Italy,2025-10-11,-99.99,3,Cancelled
3606,Arthur Grant,Uganda,,204.88,1,Cancelled
2771,April Burns,Norfolk Island,,3978.84,1,Pending
8223,Bethany Moore,Latvia,2024-11-10,-99.99,2,Confirmed
1296,Kristy Ramirez,Switzerland,,2829.98,4,Pending
9901,Angela Meyer,Belgium,,569.68,4,Confirmed
3644,Joshua Guzman,Nepal,,1615.9,5,Confirmed
11344,Michele Ramirez,Christmas Island,2024-07-04,,1,Confirmed
5831,Paul Kelly,Vanuatu,,1796.4,4,Confirmed
8662,Denise Medina,Macao,2024-08-16,,4,Confirmed
10342,Catherine Johnson,Uruguay,2024-05-24,,5,Confirmed
10220,Janet Patel,Guinea-Bissau,,1874.88,1,Pending
5142,James Rivera,Bermuda,2025-11-17,-99.99,4,Cancelled
4890,Dennis James,Liechtenstein,,2491.25,3,Confirmed
1808,Melanie Obrien,Ghana,,1878.6,1,Confirmed
8840,Christine Stanley,Estonia,2025-12-10,,3,Pending
5208,Kimberly Marshall,Micronesia,2025-12-18,-99.99,1,Cancelled
10036,Mark Armstrong,Canada,2024-09-20,-99.99,5,Cancelled
9243,Jenna Mcconnell,Puerto Rico,2025-07-25,,4,Confirmed
7539,Karen Ellis,Italy,,1644.27,3,Confirmed
10540,Mr. Cody Fletcher,Samoa,,2643.35,3,Confirmed
10287,Gabriela Barr,Paraguay,,4536.89,2,Cancelled
7307,Micheal Boyd,Qatar,2024-12-21,,4,Confirmed
7756,Thomas Hudson,India,,4661.53,5,Cancelled
1832,Noah Anderson,Cayman Islands,2024-08-30,-99.99,4,Cancelled
9796,Theresa Skinner,Central African Republic,2025-01-30,,2,Cancelled
3229,Laura Smith,Kiribati,,970.76,3,Cancelled
4679,Tamara Ward,Congo,,1800.51,3,Confirmed
6683,Leslie Murray,Guam,2025-08-09,,3,Cancelled
4861,Trevor Hansen,Guernsey,,2636.75,2,Pending
4169,Kelli Jones,Libyan Arab Jamahiriya,,2140.52,1,Cancelled
2629,Susan King,United Kingdom,2025-05-08,-99.99,1,Pending
11291,Bradley Webb,Niger,2025-01-02,,3,Pending
8003,Robert Smith,Palau,2025-02-17,,3,Confirmed
5228,Ronald Davis,El Salvador,2024-06-26,-99.99,3,Confirmed
3501,Christina Robertson,Kyrgyz Republic,2025-01-12,,5,Confirmed
5829,Victor Henry,Namibia,2025-05-13,,3,Confirmed
6023,Diane Figueroa,Central African Republic,2025-12-21,,1,Confirmed
4601,Lisa Garcia,British Virgin Islands,2024-09-04,,5,Pending
2956,Jennifer Fischer,Libyan Arab Jamahiriya,,3319.32,1,Pending
9480,Donald Wright,Benin,2025-04-01,,3,Confirmed
7498,Edward Chang,Iraq,2024-09-26,,3,Cancelled
6924,Eric Logan,United Kingdom,2025-04-07,,1,Pending
7017,Adrienne Lara,Guernsey,,3004.2,5,Cancelled
11494,Jennifer Martin,Bermuda,2025-09-10,-99.99,1,Cancelled
2170,Matthew Bryant,Moldova,2026-02-22,,1,Pending
2934,Tracy Ward,Heard Island And Mcdonald Islands,2025-08-12,-99.99,4,Cancelled
10102,Christopher Wagner,Guyana,2024-07-07,-99.99,2,Confirmed
6166,Mitchell Allen,Montserrat,2024-07-07,-99.99,1,Cancelled
3636,Michelle Moore,Bhutan,2024-12-03,-99.99,1,Pending
3511,Jason Cabrera,Papua New Guinea,,2352.33,3,Confirmed
7686,Marcus Knight,Christmas Island,,,4,Pending
11391,Kathryn Morrison,Lebanon,2026-01-18,-99.99,2,Cancelled
2724,Joshua Simon,Congo,,2512.46,3,Pending
6532,Terri Carter,Antigua And Barbuda,,4893.46,2,Cancelled
8353,Darren Sullivan,Gabon,,3085.59,5,Pending
8156,Melinda Brown,Northern Mariana Islands,,1342.97,1,Confirmed
11498,Matthew Nelson,Botswana,2025-04-03,,4,Confirmed
6309,Destiny Saunders,Bahamas,,479.08,1,Confirmed
6548,Sheryl Harris,San Marino,2026-01-02,,5,Cancelled
3924,Kara Phillips,Burkina Faso,,4113.61,3,Pending
1940,Timothy Sanchez,Gabon,2024-10-15,,1,Pending
11352,Scott Schultz,Kyrgyz Republic,,4741.74,5,Pending
2752,Matthew Hall,Djibouti,,4118.22,2,Pending
8008,David Best,Maldives,2024-03-15,,5,Cancelled
3770,Jamie Brown,Afghanistan,,292.52,4,Cancelled
10803,Holly Mclaughlin,Swaziland,2025-07-09,,4,Confirmed
8541,Christopher Gill,Japan,2024-05-18,-99.99,4,Confirmed
9957,Natalie Garcia,Micronesia,,2733.74,4,Pending
2456,Barbara Dean,Myanmar,2025-06-21,,4,Pending
10715,Patrick Marks,Tajikistan,2025-07-23,,4,Cancelled
4026,Corey Mack,Paraguay,2024-08-23,,2,Confirmed
1563,Alex Kennedy,Micronesia,2025-09-20,,3,Cancelled
5799,Derek Hickman,Zimbabwe,2025-10-28,-99.99,1,Confirmed
1952,Stephen Jefferson,French Guiana,2025-03-30,-99.99,2,Cancelled
7764,Amber Norman,Rwanda,2025-10-13,-99.99,2,Pending
5206,Deborah Johnson,Marshall Islands,,330.35,5,Pending
8676,Caitlin Snyder,Korea,,-99.99,3,Pending
6524,Danielle Krause,Timor-Leste,2025-03-15,,1,Cancelled
8255,Sandra Hoffman MD,Isle Of Man,2025-07-03,-99.99,1,Pending
8001,Christopher Freeman,Kyrgyz Republic,,4314.27,2,Confirmed
4467,Stacie Wang,Saint Lucia,,4580.59,4,Pending
5561,Kristie Mccarthy,Guadeloupe,2025-07-04,,3,Pending
4736,Randall Moore,United States Minor Outlying Islands,2024-05-31,,2,Cancelled
11126,Cindy Perez,Fiji,,2254.99,4,Cancelled
3898,Samuel Blake,Honduras,,4618.76,4,Confirmed
1226,Colin Rivera,Antigua And Barbuda,2024-09-19,-99.99,1,Pending
1730,Raymond Avery,Namibia,2024-08-21,-99.99,2,Pending
6148,Debbie Bonilla,Romania,2024-03-30,-99.99,1,Confirmed
6207,Heather Wilson DDS,Lao People'S Democratic Republic,,-99.99,4,Pending
2648,Jane Sanchez,Portugal,2024-07-12,,4,Confirmed
7570,Hannah Kennedy,Azerbaijan,2025-08-02,,4,Confirmed
10347,Heather Hendrix,Reunion,2024-11-04,,1,Cancelled
4038,Craig Jackson,Samoa,2024-09-09,-99.99,1,Pending
6840,Jeremy Scott,Finland,2025-03-21,,2,Confirmed
6128,Erin Holmes,Heard Island And Mcdonald Islands,2024-10-17,,4,Confirmed
9005,Karen Torres,Seychelles,2025-02-24,,2,Pending
5595,Jacob Russell,British Indian Ocean Territory (Chagos Archipelago),2026-02-22,,1,Pending
10146,Kathy Walker,Micronesia,,2062.45,2,Confirmed
5832,Alan Pacheco,Australia,2026-01-20,-99.99,2,Cancelled
9141,Manuel Hull,Maldives,,1277.43,1,Pending
5038,Anthony Rivera,Guadeloupe,,4109.97,2,Pending
2728,Kimberly Horton,Thailand,,4087.72,4,Confirmed
4625,John Sullivan,Chad,,2109.09,2,Cancelled
7178,Emily Freeman,Belize,2026-03-01,,1,Cancelled
4752,Lynn Stewart,San Marino,,4462.86,2,Confirmed
5362,Noah Simpson,Canada,,2699.93,5,Cancelled
6939,Amanda Garrett,Liberia,,272.32,2,Cancelled
2775,Denise Mayo,Syrian Arab Republic,2024-11-25,,5,Pending
